<?xml version="1.0" encoding="UTF-8"?>
<!-- Generated by org.testng.reporters.JUnitReportReporter -->
<testsuite hostname="DESKTOP-PB7QOKT" name="com.course.cases.LoginTest" tests="2" failures="0" timestamp="7 Jul 2019 09:45:23 GMT" time="0.729" errors="0">
  <testcase name="loginFalse" time="0.027" classname="com.course.cases.LoginTest"/>
  <testcase name="loginTrue" time="0.702" classname="com.course.cases.LoginTest"/>
</testsuite> <!-- com.course.cases.LoginTest -->
