<?xml version="1.0" encoding="UTF-8"?>
<!-- Generated by org.testng.reporters.JUnitReportReporter -->
<testsuite hostname="DESKTOP-PB7QOKT" name="com.course.cases.GetUserInfoListTest" tests="1" failures="0" timestamp="7 Jul 2019 09:45:23 GMT" time="3.149" errors="0">
  <testcase name="getUserListInfo" time="3.149" classname="com.course.cases.GetUserInfoListTest"/>
</testsuite> <!-- com.course.cases.GetUserInfoListTest -->
