<?xml version="1.0" encoding="UTF-8"?>
<!-- Generated by org.testng.reporters.JUnitReportReporter -->
<testsuite hostname="DESKTOP-PB7QOKT" name="com.course.cases.AddUserTest" tests="1" failures="0" timestamp="7 Jul 2019 09:45:23 GMT" time="3.081" errors="0">
  <testcase name="addUser" time="3.081" classname="com.course.cases.AddUserTest"/>
</testsuite> <!-- com.course.cases.AddUserTest -->
