<?xml version="1.0" encoding="UTF-8"?>
<!-- Generated by org.testng.reporters.JUnitReportReporter -->
<testsuite hostname="DESKTOP-PB7QOKT" name="com.course.cases.GetUserInfoTest" tests="1" failures="0" timestamp="7 Jul 2019 09:45:23 GMT" time="3.117" errors="0">
  <testcase name="getUserInfo" time="3.117" classname="com.course.cases.GetUserInfoTest"/>
</testsuite> <!-- com.course.cases.GetUserInfoTest -->
